<?xml version="1.0" encoding="UTF-8"?>
<!-- Generated by org.testng.reporters.JUnitReportReporter -->
<testsuite hostname="DESKTOP-IBK47FG" failures="0" tests="1" name="src.com.assesment.Login" time="50.389" errors="0" timestamp="2022-07-27T19:02:37 IST" skipped="0">
  <testcase classname="src.com.assesment.Login" name="readFile" time="50.389"/>
  <system-out/>
</testsuite> <!-- src.com.assesment.Login -->
